<?xml version="1.0" encoding="UTF-8"?>
<!-- Generated by org.testng.reporters.JUnitXMLReporter -->
<testsuite hostname="VaishuLaptop" ignored="2" name="Test2" tests="1" failures="0" timestamp="2021-07-08T19:02:24 EDT" time="28.555" errors="0">
  <testcase name="setTimer" time="11.402" classname="alarm.Tests.AlarmTest"/>
  <testcase name="cancelAlarm" time="0.0" classname="alarm.Tests.AlarmTest">
    <ignored/>
  </testcase> <!-- cancelAlarm -->
  <testcase name="setAlarm" time="0.0" classname="alarm.Tests.AlarmTest">
    <ignored/>
  </testcase> <!-- setAlarm -->
</testsuite> <!-- Test2 -->
